[    0.000000] Initializing cgroup subsys cpuset
[    0.000000] Initializing cgroup subsys cpu
[    0.000000] Initializing cgroup subsys cpuacct
[    0.000000] Linux version 4.4.0-112-generic (buildd@lgw01-amd64-010) (gcc version 5.4.0 20160609 (Ubuntu 5.4.0-6ubuntu1~16.04.5) ) #135-Ubuntu SMP Fri Jan 19 11:48:36 UTC 2018 (Ubuntu 4.4.0-112.135-generic 4.4.98)
[    0.000000] Command line: BOOT_IMAGE=/boot/vmlinuz-4.4.0-112-generic root=LABEL=cloudimg-rootfs ro console=tty1 console=ttyS0
[    0.000000] KERNEL supported cpus:
[    0.000000]   Intel GenuineIntel
[    0.000000]   AMD AuthenticAMD
[    0.000000]   Centaur CentaurHauls
[    0.000000] ------------[ cut here ]------------
[    0.000000] WARNING: CPU: 0 PID: 0 at /build/linux-HSAA8v/linux-4.4.0/arch/x86/kernel/fpu/xstate.c:517 fpu__init_system_xstate+0x38b/0x75a()
[    0.000000] XSAVE consistency problem, dumping leaves
[    0.000000] Modules linked in:
[    0.000000] CPU: 0 PID: 0 Comm: swapper Not tainted 4.4.0-112-generic #135-Ubuntu
[    0.000000]  0000000000000086 c4c2cbc1d5ca1a40 ffffffff81e03d80 ffffffff813fc233
[    0.000000]  ffffffff81e03dc8 ffffffff81cab100 ffffffff81e03db8 ffffffff81081f82
[    0.000000]  ffffffff81e03e48 ffffffff81e03e4c 0000000000000008 0000000000000100
[    0.000000] Call Trace:
[    0.000000]  [<ffffffff813fc233>] dump_stack+0x63/0x90
[    0.000000]  [<ffffffff81081f82>] warn_slowpath_common+0x82/0xc0
[    0.000000]  [<ffffffff8108201c>] warn_slowpath_fmt+0x5c/0x80
[    0.000000]  [<ffffffff8107dc20>] ? xfeature_size+0x59/0x77
[    0.000000]  [<ffffffff81f72275>] fpu__init_system_xstate+0x38b/0x75a
[    0.000000]  [<ffffffff81f62120>] ? early_idt_handler_array+0x120/0x120
[    0.000000]  [<ffffffff81f71be0>] fpu__init_system+0x10d/0x245
[    0.000000]  [<ffffffff81f72ce9>] early_cpu_init+0x139/0x13e
[    0.000000]  [<ffffffff81f72ce9>] ? early_cpu_init+0x139/0x13e
[    0.000000]  [<ffffffff81f6e19b>] setup_arch+0xb4/0xcfb
[    0.000000]  [<ffffffff81f62120>] ? early_idt_handler_array+0x120/0x120
[    0.000000]  [<ffffffff81f62c74>] start_kernel+0xe4/0x4a7
[    0.000000]  [<ffffffff81f62120>] ? early_idt_handler_array+0x120/0x120
[    0.000000]  [<ffffffff81f62339>] x86_64_start_reservations+0x2a/0x2c
[    0.000000]  [<ffffffff81f62485>] x86_64_start_kernel+0x14a/0x16d
[    0.000000] ---[ end trace 4d5ff9f2f68c4233 ]---
[    0.000000] CPUID[0d, 00]: eax=00000007 ebx=00000440 ecx=00000440 edx=00000000
[    0.000000] CPUID[0d, 01]: eax=00000000 ebx=000003c0 ecx=00000000 edx=00000000
[    0.000000] CPUID[0d, 02]: eax=00000100 ebx=00000240 ecx=00000000 edx=00000000
[    0.000000] CPUID[0d, 03]: eax=00000000 ebx=00000000 ecx=00000000 edx=00000000
[    0.000000] CPUID[0d, 04]: eax=00000000 ebx=00000000 ecx=00000000 edx=00000000
[    0.000000] CPUID[0d, 05]: eax=00000000 ebx=00000000 ecx=00000000 edx=00000000
[    0.000000] CPUID[0d, 06]: eax=00000000 ebx=00000000 ecx=00000000 edx=00000000
[    0.000000] CPUID[0d, 07]: eax=00000000 ebx=00000000 ecx=00000000 edx=00000000
[    0.000000] CPUID[0d, 08]: eax=00000000 ebx=00000000 ecx=00000000 edx=00000000
[    0.000000] CPUID[0d, 09]: eax=00000000 ebx=00000000 ecx=00000000 edx=00000000
[    0.000000] CPUID[0d, 0a]: eax=00000000 ebx=00000000 ecx=00000000 edx=00000000
[    0.000000] CPUID[0d, 0b]: eax=00000000 ebx=00000000 ecx=00000000 edx=00000000
[    0.000000] CPUID[0d, 0c]: eax=00000000 ebx=00000000 ecx=00000000 edx=00000000
[    0.000000] CPUID[0d, 0d]: eax=00000000 ebx=00000000 ecx=00000000 edx=00000000
[    0.000000] CPUID[0d, 0e]: eax=00000000 ebx=00000000 ecx=00000000 edx=00000000
[    0.000000] CPUID[0d, 0f]: eax=00000000 ebx=00000000 ecx=00000000 edx=00000000
[    0.000000] CPUID[0d, 10]: eax=00000000 ebx=00000000 ecx=00000000 edx=00000000
[    0.000000] CPUID[0d, 11]: eax=00000000 ebx=00000000 ecx=00000000 edx=00000000
[    0.000000] x86/fpu: xstate_offset[2]:  576, xstate_sizes[2]:  256
[    0.000000] x86/fpu: Supporting XSAVE feature 0x01: 'x87 floating point registers'
[    0.000000] x86/fpu: Supporting XSAVE feature 0x02: 'SSE registers'
[    0.000000] x86/fpu: Supporting XSAVE feature 0x04: 'AVX registers'
[    0.000000] x86/fpu: Enabled xstate features 0x7, contxxt size is 1088 bytes, using 'standard' format.
[    0.000000] x86/fpu: Using 'lazy' FPU context switches.
[    0.000000] e820: BIOS-provided physical RAM map:
[    0.000000] BIOS-e820: [mem 0x0000000000000000-0x000000000009fbff] usable
[    0.000000] BIOS-e820: [mem 0x000000000009fc00-0x000000000009ffff] reserved
[    0.000000] BIOS-e820: [mem 0x00000000000f0000-0x00000000000fffff] reserved
[    0.000000] BIOS-e820: [mem 0x0000000000100000-0x00000000bcfeffff] usable
[    0.000000] BIOS-e820: [mem 0x00000000bcff0000-0x00000000bcffffff] ACPI data
[    0.000000] BIOS-e820: [mem 0x00000000fec00000-0x00000000fec00fff] reserved
[    0.000000] BIOS-e820: [mem 0x00000000fee00000-0x00000000fee00fff] reserved
[    0.000000] BIOS-e820: [mem 0x00000000fffc0000-0x00000000ffffffff] reserved
[    0.000000] NX (Execute Disable) protection: active
[    0.000000] SMBIOS 2.5 present.
[    0.000000] Hypervisor detected: KVM
[    0.000000] e820: last_pfn = 0xbcff0 max_arch_pfn = 0x400000000
[    0.000000] MTRR: Disabled
[    0.000000] x86/PAT: MTRRs disabled, skipping PAT initialization too.
[    0.000000] CPU MTRRs all blank - virtualized system.
[    0.000000] x86/PAT: Configuration [0-7]: WB  WT  UC- UC  WB  WT  UC- UC  
[    0.000000] found SMP MP-table at [mem 0x0009fff0-0x0009ffff] mapped at [ffff88000009fff0]
[    0.000000] Scanning 1 areas for low memory corruption
[    0.000000] RAMDISK: [mem 0x36acc000-0x3755dfff]
[    0.000000] ACPI: Early table checksum verification disabled
[    0.000000] ACPI: RSDP 0x00000000000E0000 000024 (v02 VBOX  )
[    0.000000] ACPI: XSDT 0x00000000BCFF0030 00003C (v01 VBOX   VBOXXSDT 00000001 ASL  00000061)
[    0.000000] ACPI: FACP 0x00000000BCFF00F0 0000F4 (v04 VBOX   VBOXFACP 00000001 ASL  00000061)
[    0.000000] ACPI: DSDT 0x00000000BCFF0470 0021FF (v02 VBOX   VBOXBIOS 00000002 INTL 20160108)
[    0.000000] ACPI: FACS 0x00000000BCFF0200 000040
[    0.000000] ACPI: FACS 0x00000000BCFF0200 000040
[    0.000000] ACPI: APIC 0x00000000BCFF0240 000054 (v02 VBOX   VBOXAPIC 00000001 ASL  00000061)
[    0.000000] ACPI: SSDT 0x00000000BCFF02A0 0001CC (v01 VBOX   VBOXCPUT 00000002 INTL 20160108)
[    0.000000] No NUMA configuration found
[    0.000000] Faking a node at [mem 0x0000000000000000-0x00000000bcfeffff]
[    0.000000] NODE_DATA(0) allocated [mem 0xbcfeb000-0xbcfeffff]
[    0.000000] kvm-clock: Using msrs 4b564d01 and 4b564d00
[    0.000000] kvm-clock: cpu 0, msr 0:bcfe3001, primary cpu clock
[    0.000000] kvm-clock: using sched offset of 3271829281 cycles
[    0.000000] clocksource: kvm-clock: mask: 0xffffffffffffffff max_cycles: 0x1cd42e4dffb, max_idle_ns: 881590591483 ns
[    0.000000] Zone ranges:
[    0.000000]   DMA      [mem 0x0000000000001000-0x0000000000ffffff]
[    0.000000]   DMA32    [mem 0x0000000001000000-0x00000000bcfeffff]
[    0.000000]   Normal   empty
[    0.000000]   Device   empty
[    0.000000] Movable zone start for each node
[    0.000000] Early memory node ranges
[    0.000000]   node   0: [mem 0x0000000000001000-0x000000000009efff]
[    0.000000]   node   0: [mem 0x0000000000100000-0x00000000bcfeffff]
[    0.000000] Initmem setup node 0 [mem 0x0000000000001000-0x00000000bcfeffff]
[    0.000000] ACPI: PM-Timer IO Port: 0x4008
[    0.000000] IOAPIC[0]: apic_id 1, version 32, address 0xfec00000, GSI 0-23
[    0.000000] ACPI: INT_SRC_OVR (bus 0 bs_irq 0 global_irq 2 dfl dfl)
[    0.000000] ACPI: INT_SRCC_OVR (bus 0 bus_irq 9 global_irq 9 high level)
[    0.000000] Using ACPI (MADT) for SMP configuration information
[    0.000000] smpboot: Allowing 1 CPUs, 0 hotplug CPUs
[    0.000000] PM: Registered nosave memory: [mem 0x00000000-0x00000fff]
[    0.000000] PM: Registered nosave memory: [mem 0x0009f000-0x0009ffff]
[    0.000000] PM: Registered nosave memory: [mem 0x000a0000-0x000effff]
[    0.000000] PM: Registered nosave memory: [mem 0x000f0000-0x000fffff]
[    0.000000] e820: [mem 0xbd000000-0xfebfffff] available for PCI devices
[    0.000000] Booting paravirtualized kernel on KVM
[    0.000000] clocksource: refined-jiffies: mask: 0xffffffff max_cycles: 0xffffffff, max_idle_ns: 7645519600211568 ns
[    0.000000] setup_percpu: NR_CPUS:512 nr_cpumask_bits:512 nr_cpu_ids:1 nr_node_ids:1
[    0.000000] PERCPU: Embedded 34 pages/cpu @ffff8800bca00000 s99544 r8192 d31528 u2097152
[    0.000000] PV qspinlock hash table entries: 256 (order: 0, 4096 bytes)
[    0.000000] Built 1 zonelists in Node order, mobility grouping on.  Total pages: 761913
[    0.000000] Policy zone: DMA32
[    0.000000] Kernel command line: BOOT_IMAGE=/boot/vmlinuz-4.4.0-112-generic root=LABEL=cloudimg-rootfs ro console=tty1 console=ttyS0
[    0.000000] PID hash table entries: 4096 (order: 3, 32768 bytes)
[    0.000000] Memory: 3017080K/3096120K available (8499K kernel code, 1309K rwdata, 3988K rodata, 1508K init, 1316K bss, 79040K reserved, 0K cma-reserved)
[    0.000000] SLUB: HWalign=64, Order=0-3, MinObjects=0, CPUs=1, Nodes=1
[    0.000000] Kernel/User page tables isolation: enabled
[    0.000000] Hierarchical RCU implementation.
[    0.000000] 	Build-time adjustment of leaf fanout to 64.
[    0.000000] 	RCU restricting CPUs from NR_CPUS=512 to nr_cpu_ids=1.
[    0.000000] RCU: Adjusting geometry for rcu_fanout_leaf=64, nr_cpu_ids=1
[    0.000000] NR_IRQS:33024 nr_irqs:256 16
[    0.000000] Console: colour VGA+ 80x25
[    0.000000] console [tty1] enabled
[    0.000000] console [ttyS0] enabled
[    0.000000] tsc: Detected 2592.000 MHz processor
[    0.334735] Calibrating delay loop (skipped) preset value.. 5184.00 BogoMIPS (lpj=10368000)
[    0.336155] pid_max: default: 32768 minimum: 301
[    0.336858] ACPI: Core revision 20150930
[    0.338406] ACPI: 2 ACPI AML tables successfully acquired and loaded
[    0.339542] Security Framework initialized
[    0.340253] Yama: becoming mindful.
[    0.340907] AppArmor: AppArmor initialized
[    0.342241] Dentry cache hash table entries: 524288 (order: 10, 4194304 bytes)
[    0.346855] Inode-cache hash table entries: 262144 (order: 9, 2097152 bytes)
[    0.356412] Mount-cache hash table entries: 8192 (order: 4, 65536 bytes)
[    0.357382] Mountpoint-cache hash table entries: 8192 (order: 4, 65536 bytes)
[    0.358964] Initializing cgroup subsys io
[    0.359640] Initializing cgroup subsys memory
[    0.360372] Initializing cgroup subsys devices
[    0.361059] Initializing cgroup subsys freezer
[    0.361851] Initializing cgroup subsys net_cls
[    0.362578] Initializing cgroup subsys perf_event
[    0.363320] Initializing cgroup subsys net_prio
[    0.364041] Initializing cgroup subsys hugetlb
[    0.364724] Initializing cgroup subsys pids
[    0.365480] CPU: Physical Processor ID: 0
[    0.366131] FEATURE SPEC_CTRL Not Present
[    0.367909] mce: CPU supports 0 MCE banks
[    0.368590] process: using mwait in idle threads
[    0.369417] Last level iTLB entries: 4KB 64, 2MB 8, 4MB 8
[    0.378127] Last level dTLB entries: 4KB 64, 2MB 0, 4MB 0, 1GB 4
[    0.397699] Freeing SMP alternatives memory: 32K
[    0.405636] ftrace: allocating 32180 entries in 126 pages
[    0.442035] smpboot: APIC(0) Converting physical 0 to logical package 0
[    0.445921] smpboot: Max logical packages: 1
[    0.446881] x2apic enabled
[    0.447644] Switched APIC routing to physical x2apic.
[    0.449348] ..TIMER: vector=0x30 apic1=0 pin1=2 apic2=-1 pin2=-1
[    0.555702] smpboot: CPU0: Intel(R) Core(TM) i7-6700HQ CPU @ 2.60GHz (family: 0x6, model: 0x5e, stepping: 0x3)
[    0.563813] Performance Events: unsupported p6 CPU model 94 no PMU driver, software events only.
[    0.565371] KVM setup paravirtual spinlock
[    0.566585] x86: Booted up 1 node, 1 CPUs
[    0.567234] smpboot: Total of 1 processors activated (5184.00 BogoMIPS)
[    0.568485] devtmpfs: initialized
[    0.570402] evm: security.selinux
[    0.571077] evm: security.SMACK64
[    0.571689] evm: security.SMACK64EXEC
[    0.572295] evm: security.SMACK64TRANSMUTE
[    0.572945] evm: security.SMACK64MMAP
[    0.575574] evm: security.ima
[    0.576109] evm: security.capability
[    0.576843] clocksource: jiffies: mask: 0xffffffff max_cycles: 0xffffffff, max_idle_ns: 7645041785100000 ns
[    0.578289] futex hash table entries: 256 (order: 2, 16384 bytes)
[    0.579284] pinctrl core: initialized pinctrl subsystem
[    0.580176] RTC time: 13:42:39, date: 02/22/18
[    0.580954] NET: Registered protocol family 16
[    0.581809] cpuidle: using governor ladder
[    0.582489] cpuidle: using governor menu
[    0.583182] PCCT header not found.
[    0.583873] ACPI: bus type PCI registered
[    0.584597] acpiphp: ACPI Hot Plug PCI Controller Driver version: 0.5
[    0.585658] PCI: Using configuration type 1 for base access
[    0.587455] ACPI: Added _OSI(Module Device)
[    0.588161] ACPI: Added _OSI(Processor Device)
[    0.588953] ACPI: Added _OSI(3.0 _SCP Extensions)
[    0.589687] ACPI: Added _OSI(Processor Aggregator Device)
[    0.590984] ACPI: Executed 1 blocks of module-level executable AML code
[    0.593537] ACPI: Interpreter enabled
[    0.594195] ACPI: (supports S0 S5)
[    0.594861] ACPI: Using IOAPIC for interrupt routing
[    0.595830] PCI: Using host bridge windows from ACPI; if necessary, use "pci=nocrs" and report a bug
[    0.600277] ACPI: PCI Root Bridge [PCI0] (domain 0000 [bus 00-ff])
[    0.606062] acpi PNP0A03:00: _OSC: OS supports [ASPM ClockPM Segments MSI]
[    0.607032] acpi PNP0A03:00: _OSC: not requesting OS control; OS requires [ExtendedConfig ASPM ClockPM MSI]
[    0.608485] acpi PNP0A03:00: fail to add MMCONFIG information, can't access extended PCI configuration space under this bridge.
[    0.610292] PCI host bridge to bus 0000:00
[    0.610994] pci_bus 0000:00: root bus resource [io  0x0000-0x0cf7 window]
[    0.616346] pci_bus 0000:00: root bus resource [io  0x0d00-0xffff window]
[    0.617293] pci_bus 0000:00: root bus resource [mem 0x000a0000-0x000bffff window]
[    0.618511] pci_bus 0000:00: root bus resource [mem 0xbd000000-0xffdfffff window]
[    0.621279] pci_bus 0000:00: root bus resource [bus 00-ff]
[    0.623291] pci 0000:00:01.1: legacy IDE quirk: reg 0x10: [io  0x01f0-0x01f7]
[    0.624259] pci 0000:00:01.1: legacy IDE quirk: reg 0x14: [io  0x03f6]
[    0.625177] pci 0000:00:01.1: legacy IDE quirk: reg 0x18: [io  0x0170-0x0177]
[    0.628875] pci 0000:00:01.1: legacy IDE quirk: reg 0x1c: [io  0x0376]
[    0.669232] pci 0000:00:07.0: quirk: [io  0x4000-0x403f] claimed by PIIX4 ACPI
[    0.677776] pci 0000:00:07.0: quirk: [io  0x4100-0x410f] claimed by PIIX4 SMB
[    0.690961] ACPI: PCI Interrupt Link [LNKA] (IRQs 5 9 10 *11)
[    0.703931] ACPI: PCI Interrupt Link [LNKB] (IRQs 5 9 10 *11)
[    0.705186] ACPI: PCI Interrupt Link [LNKC] (IRQs 5 9 *10 11)
[    0.706406] ACPI: PCI Interrupt Link [LNKD] (IRQs 5 *9 10 11)
[    0.707639] ACPI: Enabled 2 GPEs in block 00 to 07
[    0.715310] vgaarb: setting as boot device: PCI:0000:00:02.0
[    0.716230] vgaarb: device added: PCI:0000:00:02.0,decodes=io+mem,owns=io+mem,locks=none
[    0.717513] vgaarb: loaded
[    0.718022] vgaarb: bridge control possible 0000:00:02.0
[    0.719086] SCSI subsystem initialized
[    0.719806] ACPI: bus type USB registered
[    0.720513] usbcore: registered new interface driver usbfs
[    0.721333] usbcore: registered new interface driver hub
[    0.722302] usbcore: registered new device driver usb
[    0.723221] PCI: Using ACPI for IRQ routing
[    0.724150] NetLabel: Initializing
[    0.724816] NetLabel:  domain hash size = 128
[    0.725544] NetLabel:  protocols = UNLABELED CIPSOv4
[    0.735185] NetLabel:  unlabeled traffic allowed by default
[    0.736045] amd_nb: Cannot enumerate AMD northbridges
[    0.736774] clocksource: Switched to clocksource kvm-clock
[    0.742875] AppArmor: AppArmor Filesystem Enabled
[    0.745924] pnp: PnP ACPI init
[    0.747029] pnp: PnP ACPI: found 3 devices
[    0.753150] clocksource: acpi_pm: mask: 0xffffff max_cycles: 0xffffff, max_idle_ns: 2085701024 ns
[    0.756509] NET: Registered protocol family 2
[    0.765662] TCP established hash table entries: 32768 (order: 6, 262144 bytes)
[    0.766817] TCP bind hash table entries: 32768 (order: 7, 524288 bytes)
[    0.767769] TCP: Hash tables configured (established 32768 bind 32768)
[    0.768667] UDP hash table entries: 2048 (order: 4, 65536 bytes)
[    0.769519] UDP-Lite hash table entries: 2048 (order: 4, 65536 bytes)
[    0.770418] NET: Registered protocol family 1
[    0.774964] pci 0000:00:00.0: Limiting direct PCI/PCI transfers
[    0.775800] pci 0000:00:01.0: Activating ISA DMA hang workarounds
[    0.777125] Unpacking initramfs...
[    2.423251] Freeing initrd memory: 10824K
[    2.456829] platform rtc_cmos: registered platform RTC device (no PNP device found)
[    2.459043] Scanning for low memory corruption every 60 seconds
[    2.460145] audit: initializing netlink subsys (disabled)
[    2.460986] audit: type=2000 audit(1519306965.858:1): initialized
[    2.462197  Initialise system trusted keyring
[    2.486050] HugeTLB registered 2 MB page size, pre-allocated 0 pages
[    2.487966] zbud: loaded
[    2.488572] VFS: Disk quotas dquot_6.6.0
[    2.489221] VFS: Dquot-cache hash table entries: 512 (order 0, 4096 bytes)
[    2.490318] squashfs: version 4.0 (2009/01/31) Phillip Lougher
[    2.491317] fuse init (API version 7.23)
[    2.492022] Key type big_key registered
[    2.492641] Allocating IMA MOK and blacklist keyrings.
[    2.493521] Key type asymmetric registered
[    2.494150] Asymmetric key parser 'x509' registered
[    2.494880] Block layer SCSI generic (bsg) driver version 0.4 loaded (major 249)
[    2.496077] io scheduler noop registered
[    2.498104] io scheduler deadline registered (default)
[    2.503822] io scheduler cfq registered
[    2.504582] pci_hotplug: PCI Hot Plug PCI Core version: 0.5
[    ..505506] pciehp: PCI Express Hot Plug Controller Driver version: 0.4
[    2.536606] ACPI: AC Adapter [AC] (on-line)
[    2.537464] input: Power Button as /devices/LNXSYSTM:00/LNXPWRBN:00/input/input0
[    2.538856] ACPI: Power Button [PWRF]
[    2.542910] input: Sleep Button as /devices/LNXSYSTM:00/LNXSLPBN:00/input/input1
[    2.544141] ACPI: Sleep Button [SLPF]
[    2.545401] ACPI: Battery Slot [BAT0] (battery present)
[    2.546328] GHES: HEST is not enabled!
[    2.547131] Serial: 8250/16550 driver, 32 ports, IRQ sharing enabled
[    2.569715] 00:02: ttyS0 at I/O 0x3f8 (irq = 4, base_baud = 115200) is a 16550A
[    2.577376] Linux agpgart interface v0.103
[    2.578853] loop: module loaded
[    2.579813] scsi host0: ata_piix
[    2.580453] scsi host1: ata_piix
[    2.581055] ata1: PATA max UDMA/33 cmd 0x1f0 ctl 0x3f6 bmdma 0xd000 irq 14
[    2.582082] ata2: PATA max UDMA/33 cmd 0x170 ctl 0x376 bmdma 0xd008 irq 15
[    2.583308] libphy: Fixed MDIO Bus: probed
[    2.584030] tun: Universal TUN/TAP device driver, 1.6
[    2.584799] tun: (C) 1999-2004 Max Krasnyansky <maxk@qualcomm.com>
[    2.586011] PPP generic driver version 2.4.2
[    2.596048] ehci_hcd: USB 2.0 'Enhanced' Host Controller (EHCI) Driver
[    2.597003] ehci-pci: EHCI PCI platform driver
[    2.597768] ehci-platform: EHCI generic platform driver
[    2.598541] ohci_hcd: USB 1.1 'Open' Host Controller (OHCI) Driver
[    2.599438] ohci-pci: OHCI PCI platform driver
[    2.600262] ohci-platform: OHCI generic platform driver
[    2.601056] uhci_hcd: USB Universal Host Controller Interface driver
[    2.602079] i8042: PNP: PS/2 Controller [PNP0303:PS2K,PNP0f03:PS2M] at 0x60,0x64 irq 1,12
[    2.606994] serio: i8042 KBD port at 0x60,0x64 irq 1
[    2.607917] serio: i8042 AUX port at 0x60,0x64 irq 12
[    2.608877] mousedev: PS/2 mouse device common for all mice
[    2.610091] input: AT Translated Set 2 keyboard as /devices/platform/i8042/serio0/input/input2
[    2.611959] rtc_cmos rtc_cmos: rtc core: registered rtc_cmos as rtc0
[    2.613943] rtc_cmos rtc_cmos: alarms up to one day, 114 bytes nvram
[    2.615352] i2c /dev entries driver
[    2.615980] device-mapper: uevent: version 1.0.3
[    2.616778] device-mapper: ioctl: 4.34.0-ioctl (2015-10-28) initialised: dm-devel@redhat.com
[    2.626546] ledtrig-cpu: registered to indicate activity on CPUs
[    2.627706] NET: Registered protocol family 10
[    2.628554] NET: Registered protocol family 17
[    2.629325] Key type dns_resolver registered
[    2.630114] microcode: CPU0 sig=0x506e3, pf=0x2, revision=0x0
[    2.631022] microcode: Microcode Update Driver: v2.01 <tigran@aivazian.fsnet.co.uk>, Peter Oruba
[    2.635491] registered taskstats version 1
[    2.636132] Loading compiled-in X.509 certificates
[    2.637391] Loaded X.509 cert 'Build time autogenerated kernel key: 4c603087bab8f0a02cb3b4e1fb4c40f507e71ef1'
[    2.647786] zswap: loaded using pool lzo/zbud
[    2.649947] Key type trusted registered
[    2.653092] Key type encrypted registered
[    2.653737] AppArmor: AppArmor sha1 policy hashing enabled
[    2.654500] ima: No TPM chip found, activating TPM-bypass!
[    2.655308] evm: HMAC attrs: 0x1
[    2.656035]   Magic number: 6:690:736
[    2.656666] rtc_cmos rtc_cmos: setting system clock to 2018-02-22 13:42:41 UTC (1519306961)
[    2.657974] BIOS EDD facility v0.16 2004-Jun-25, 0 devices found
[    2.658791] EDD information not available.
[    2.742302] Freeing unused kernel memory: 1508K
[    2.746630] Write protecting the kernel read-only data: 14336k
[    2.748607] Freeing unused kernel memory: 1728K
[    2.750112] Freeing unused kernel memory: 108K
Loading, please wait...
starting version[    2.765178] random: udevadm: uninitialized urandom read (16 bytes read, 3 bits of entropy available)
 229
[    2.766664] random: udevadm: uninitialized urandom read (16 bytes read, 3 bits of entropy available)
[    2.773138] random: systemd-udevd: uninitialized urandom read (16 bytes read, 3 bits of entropy available)
[    2.776948] random: systemd-udevd: uninitialized urandom read (16 bytes read, 3 bits of entropy available)
[    2.778311] random: systemd-udevd: uninitialized urandom read (16 bytes read, 3 bits of entropy available)
[    2.779697] random: systemd-udevd: uninitialized urandom read (16 bytes read, 3 bits of entropy available)
[    2.785221] random: systemd-udevd: uninitialized urandom read (16 bytes read, 3 bits of entropy available)
[    2.786645] random: systemd-udevd: uninitialized urandom read (16 bytes read, 3 bits of entropy available)
[    2.788013] random: systemd-udevd: uninitialized urandom read (16 bytes read, 3 bits of entropy available)
[    2.791628] random: systemd-udevd: uninitialized urandom read (16 bytes read, 3 bits of entropy available)
[    2.860449] e1000: Intel(R) PRO/1000 Network Driver - version 7.3.21-k8-NAPI
[    2.877452] e1000: Copyright (c) 1999-2006 Intel Corporation.
[    2.881350] Fusion MPT base driver 3.04.20
[    2.882057] Copyright (c) 1999-2008 LSI Corporation
[    2.891783] Fusion MPT SPI Host driver 3.04.20
[    2.906833] mptbase: ioc0: Initiating bringup
[    2.940606] AVX version of gcm_enc/dec engaged.
[    2.946345] AES CTR mode by8 optimization enabled
[    3.021318] ioc0: LSI53C1030 A0: Capabilities={Initiator}
[    3.092163] input: ImExPS/2 Generic Explorer Mouse as /devices/platform/i8042/serio1/input/input4
[    3.193759] scsi host2: ioc0: LSI53C1030 A0, FwRev=00000000h, Ports=1, MaxQ=256, IRQ=20
[    3.347065] scsi 2:0:0:0: Direct-Access     VBOX     HARDDISK         1.0  PQ: 0 ANSI: 5
[    3.354065] scsi target2:0:0: Beginning Domain Validation
[    3.356652] scsi target2:0:0: Domain Validation skipping write tests
[    3.358238] scsi target2:0:0: Ending Domain Validation
[    3.359538] scsi target2:0:0: asynchronous
[    3.360905] scsi 2:0:1:0: Direct-Access     VBOX     HARDDISK         1.0  PQ: 0 ANSI: 5
[    3.362838] scsi target2:0:1: Beginning Domain Validation
[    3.364622] scsi target2:0:1: Domain Validation skipping write tests
[    3.365703] scsi target2:0:1: Ending Domain Validation
[    3.366754] scsi target2:0:1: asynchronous
[    3.369859] sd 2:0:0:0: Attached scsi generic sg0 type 0
[    3.370779] sd 2:0:0:0: [sda] 20971520 512-byte logical blocks: (10.7 GB/10.0 GiB)
[    3.404658] sd 2:0:1:0: [sdb] 20480 512-byte logical blocks: (10.5 MB/10.0 MiB)
[    3.407375] sd 2:0:1:0: Attached scsi generic sg1 type 0
[    3.408478] sd 2:0:1:0: [sdb] Write Protect is off
[    3.409469] sd 2:0:1:0: [sdb] Incomplete mode parameter data
[    3.410372] sd 2:0:1:0: [sdb] Assuming drive cache: write through
[    3.449089] sd 2:0:0:0: [sda] Write Protect is off
[    3.456344] tsc: Refined TSC clocksource calibration: 2586.238 MHz
[    3.457270] clocksource: tsc: mask: 0xffffffffffffffff max_cycles: 0x254773aecfc, max_idle_ns: 440795246146 ns
[    3.462879] sd 2:0:1:0: [sdb] Attached SCSI disk
[    3.479775] sd 2:0:0:0: [sda] Incomplete mode parameter data
[    3.482783] sd 2:0:0:0: [sda] Assuming drive cache: write through
[    3.525803]  sda: sda1
[    3.536088] sd 2:0:0:0: [sda] Attached SCSI disk
[    3.761773] e1000 0000:00:03.0 eth0: (PCI:33MHz:32-bit) 02:66:2d:c5:e5:fb
[    3.767034] e1000 0000:00:03.0 eth0: Intel(R) PRO/1000 Network Connection
[    3.769872] e1000 0000:00:03.0 enp0s3: renamed from eth0
[    5.929083] floppy0: no floppy controllers found
Begin: Loading e[    7.215202] md: linear personality registered for level -1
ssential drivers ... [    7.240074] md: multipath personality registered for level -4
[    7.244698] md: raid0 personality registered for level 0
[    7.250197] md: raid1 personality registered for level 1
[    7.336140] raid6: sse2x1   gen()  9844 MB/s
[    7.426153] raid6: sse2x1   xor()  6190 MB/s
[    7.516211] raid6: sse2x2   gen() 11460 MB/s
[    7.616175] raid6: sse2x2   xor()  7410 MB/s
[    7.706194] raid6: sse2x4   gen() 12457 MB/s
[    7.786190] raid6: sse2x4   xor()  8221 MB/s
[    7.796856] raid6: using algorithm sse2x4 gen() 12457 MB/s
[    7.797612] raid6: .... xor() 8221 MB/s, rmw enabled
[    7.798318] raid6: using ssse3x2 recovery algorithm
[    7.801047] xor: automatically using best checksumming function:
[    7.906222]    avx       : 47080.000 MB/sec
[    7.910273] async_tx: api initialized (async)
[    7.922745] md: raid6 personality registered for level 6
[    7.927112] md: raid5 personality registered for level 5
[    7.927903] md: raid4 personality registered for level 4
[    7.935247] md: raid10 personality registered for level 10
done.
Begin: Running /scripts/init-premount ... done.
Begin: Mounting root file system ... Begin: Running /scripts/local-top ... done.
Begin: Running /scripts/local-premount ... [    7.978047] Btrfs loaded
Scanning for Btrfs filesystems
done.
Warning: fsck not present, so skipping root file system
[    8.112757] EXT4-fs (sda1): mounted filesystem with ordered data mode. Opts: (null)
done.
Begin: Running /scripts/local-bottom ... done.
Begin: Running /scripts/init-bottom ... done.
[    8.475525] systemd[1]: systemd 229 running in system mode. (+PAM +AUDIT +SELINUX +IMA +APPARMOR +SMACK +SYSVINIT +UTMP +LIBCRYPTSETUP +GCRYPT +GNUTLS +ACL +XZ -LZ4 +SECCOMP +BLKID +ELFUTILS +KMOD -IDN)
[    8.484542] systemd[1]: Detected virtualization oracle.
[    8.486686] systemd[1]: Detected architecture x86-64.

Welcome to [1mUbuntu 16.04.3 LTS[0m!

[    8.515962] systemd[1]: Set hostname to <ubuntu>.
[    8.528862] systemd[1]: Initializing machine ID from random generator.
[    8.539517] systemd[1]: Installed transient /etc/machine-id file.
[    8.796118] random: nonblocking pool is initialized
[    9.063813] systemd[1]: Listening on Journal Socket (/dev/log).
[[0;32m  OK  [0m] Listening on Journal Socket (/dev/log).
[    9.067670] systemd[1]: Listening on /dev/initctl Compatibility Named Pipe.
[[0;32m  OK  [0m] Listening on /dev/initctl Compatibility Named Pipe.
[    9.069658] systemd[1]: Reached target User and Group Name Lookups.
[[0;32m  OK  [0m] Reached target User and Group Name Lookups.
[    9.071632] systemd[1]: Listening on Device-mapper event daemon FIFOs.
[[0;32m  OK  [0m] Listening on Device-mapper event daemon FIFOs.
[    9.073555] systemd[1]: Reached target Encrypted Volumes.
[[0;32m  OK  [0m] Reached target Encrypted Volumes.
[    9.077200] systemd[1]: Reached target Swap.
[[0;32m  OK  [0m] Reached target Swap.
[    9.078665] systemd[1]: Listening on LVM2 poll daemon socket.
[[0;32m  OK  [0m] Listening on LVM2 poll daemon socket.
[    9.080460] systemd[1]: Listening on Journal Audit Socket.
[[0;32m  OK  [0m] Listening on Journal Audit Socket.
[    9.082251] systemd[1]: Set up automount Arbitrary Executable File Formats File System Automount Point.
[[0;32m  OK  [0m] Set up automount Arbitrary Executab...ats File System Automount Point.
[    9.084967] systemd[1]: Created slice User and Session Slice.
[[0;32m  OK  [0m] Created slice User and Session Slice.
[    9.086706] systemd[1]: Listening on udev Control Socket.
[[0;32m  OK  [0m] Listening on udev Control Socket.
[    9.088354] systemd[1]: Listening on LVM2 metadata daemon socket.
[[0;32m  OK  [0m] Listening on LVM2 metadata daemon socket.
[    9.090129] systemd[1]: Listening on Syslog Socket.
[[0;32m  OK  [0m] Listening on Syslog Socket.
[    9.091700] systemd[1]: Started Trigger resolvconf update for networkd DNS.
[[0;32m  OK  [0m] Started Trigger resolvconf update for networkd DNS.
[    9.093748] systemd[1]: Started Forward Password Requests to Wall Directory Watch.
[[0;32m  OK  [0m] Started Forward Password Requests to Wall Directory Watch.
[    9.096428] systemd[1]: Created slice System Slice.
[[0;32m  OK  [0m] Created slice System Slice.
[    9.098169] systemd[1]: Reached target Slices.
[[0;32m  OK  [0m] Reached target Slices.
[    9.099990] systemd[1]: Created slice system-serial\x2dgetty.slice.
[[0;32m  OK  [0m] Created slice system-serial\x2dgetty.slice.
[    9.102090] systemd[1]: Listening on Journal Socket.
[[0;32m  OK  [0m] Listening on Journal Socket.
[    9.104566] systemd[1]: Starting Nameserver information manager...
         Starting Nameserver information manager...
[    9.106966] systemd[1]: Starting Create list of required static device nodes for the current kernel...
         Starting Create list of required st... nodes for the current kernel...
[    9.117575] systemd[1]: Starting Journal Service...
         Starting Journal Service...
[    9.133348] systemd[1]: Mounting POSIX Message Queue File System...
         Mounting POSIX Message Queue File System...
[    9.140470] systemd[1]: Mounting Huge Pages File System...
         Mounting Huge Pages File System...
[    9.145969] systemd[1]: Mounting Debug File System...
         Mounting Debug File System...
[    9.148098] systemd[1]: Starting Remount Root and Kernel File Systems...
         Starting Remount Root and Kernel File Systems...
[    9.156007] systemd[1]: Starting Set console keymap...
         Starting Set console keymap...
[    9.163714] systemd[1]: Listening on udev Kernel Socket.
[[0;32m  OK  [0[    9.167253] EXT4-fs (sda1): re-mounted. Opts: (null)
m] Listening on udev Kernel Socket.
[    9.171954] systemd[1]: Starting Monitoring of LVM2 mirrors, snapshots etc. using dmeventd or progress polling...
         Starting Monitoring of LVM2 mirrors... dmeventd or progress polling...
[    9.217829] systemd[1]: Starting Load Kernel Modules...
         Starting Load Kernel Modules...
[    9.231317] systemd[1]: Starting Uncomplicated firewall...
         Starting Uncomplicated firewall...
[    9.244806] systemd[1]: Mounted POSIX Message Queue File System.
[[0;32m  OK  [0m] Mounted POSIX Message Queue File System.
[    9.250994] systemd[1]: Mounted Debug File System.
[[0;32m  OK  [0m] Mounted Debug File System.
[    9.254560] systemd[1]: Mounted Huge Pages File System.
[[0;32m  OK  [0m] Mounted Huge Pages File System.
[    9.257834] systemd[1]: Started Create list of required static device nodes for the current kernel.
[[0;32m  OK  [0m] Started Create list of required sta...ce nodes for the current kernel.
[    9.263167] systemd[1]: Started Remount Root and Kernel File Systems.
[[0;32m  OK  [0m] Started Remount Root and Kernel File Systems.
[    9.292542] systemd[1]: Started Uncomplicated firewall.
[[0;32m  OK  [0m] Started Uncomplicated firewall.
[    9.317234] systemd[1]: Started Nameserver information manager.
[[0;32m  OK  [0m] Started Nameserver information manager.
[    9.326987] systemd[1]: Started Journal Service.
[[0;32m  OK  [0m] Started Journal Service.
[[0;32m  OK  [0m] Started Set console keymap.
[    9.374719] Loading iSCSI transport class v2.0-870.
         Starting Initial cloud-init job (pre-networking)...
         Starting Flush Journal to Persistent Storage...
         Starting Load/Save Random Seed...
         Starting udev Coldplug all Devices...
         Starting Create Static Device Nodes in /dev...
[[0;32m  OK  [0m] Started LVM2 metadata daemon.
[    9.446938] systemd-journald[374]: Received request to flush runtime journal from PID 1
[    9.461177] iscsi: registered transport (tcp)
[[0;32m  OK  [0m] Started Load/Save Random Seed.
[[0;32m  OK  [0m] Started Flush Journal to Persistent Storage.
[[0;32m  OK  [0m] Started udev Coldplug all Devices.
[    9.673693] iscsi: registered transport (iser)
[[0;32m  OK  [0m] Started Load Kernel Modules.
         Mounting FUSE Control File System...
         Starting Apply Kernel Variables...
[[0;32m  OK  [0m] Mounted FUSE Control File System.
[[0;32m  OK  [0m] Started Monitoring of LVM2 mirrors,...ng dmeventd or progress polling.
[[0;32m  OK  [0m] Started Create Static Device Nodes in /dev.
         Starting udev Kernel Device Manager...
[[0;32m  OK  [0m] Started Apply Kernel Variables.
[[0;32m  OK  [0m] Started udev Kernel Device Manager.
[[0;32m  OK  [0m] Reached target Local File Systems (Pre).
[[0;32m  OK  [0m] Reached target Local File Systems.
         Starting Tell Plymouth To Write Out Runtime Data...
         Starting LSB: AppArmor initialization...
         Starting Set console font and keymap...
         Starting Create Volatile Files and Directories...
         Starting Commit a transient machine-id on disk...
[[0;32m  OK  [0m] Started Dispatch Password Requests to Console Directory Watch.
[[0;32m  OK  [0m] Started Commit a transient machine-id on disk.
[[0;32m  OK  [0m] Started Tell Plymouth To Write Out Runtime Data.
[[0;32m  OK  [0m] Started Create Volatile Files and Directories.
         Starting Update UTMP about System Boot/Shutdown...
[[0;32m  OK  [0m] Reached target System Time Synchronized.
[[0;32m  OK  [0m] Started Update UTMP about System Boot/Shutdown.
[[0;32m  OK  [0m] Found device /dev/ttyS0.
[[0;32m  OK  [0m] Started Set console font and keymap.
[[0;32m  OK  [0m] Created slice system-getty.slice.
[[0;32m  OK  [0m] Listening on Load/Save RF Kill Switch Status /dev/rfkill Watch.
[[0;32m  OK  [0m] Started LSB: AppArmor initialization.
[   12.400268] cloud-init[422]: Cloud-init v. 17.1 running 'init-local' at Thu, 22 Feb 2018 13:42:51 +0000. Up 12.00 seconds.
[[0;32m  OK  [0m] Started Initial cloud-init job (pre-networking).
[[0;32m  OK  [0m] Reached target Network (Pre).
         Starting Raise network interfaces...
[[0;32m  OK  [0m] Started Raise network interfaces.
         Starting Initial cloud-init job (metadata service crawler)...
[[0;32m  OK  [0m] Reached target Network.
[   15.057959] cloud-init[941]: Cloud-init v. 17.1 running 'init' at Thu, 22 Feb 2018 13:42:52 +0000. Up 13.40 seconds.
[   15.079980] cloud-init[941]: ci-info: +++++++++++++++++++++++++++++++++++++Net device info++++++++++++++++++++++++++++++++++++++
[   15.085490] cloud-init[941]: ci-info: +--------+------+----------------------------+---------------+-------+-------------------+
[   15.102331] cloud-init[941]: ci-info: | Device |  Up  |          Address           |      Mask     | Scope |     Hw-Address    |
[   15.105077] cloud-init[941]: ci-info: +--------+------+----------------------------+---------------+-------+-------------------+
[[0;32m  OK  [0m] Started Initial cloud-init job (metadata service crawler).[   15.112441] cloud-init[941]: ci-info: | enp0s3 | True |         10.0.2.15          | 255.255.255.0 |   .   | 02:66:2d:c5:e5:fb |
[   15.112753] cloud-init[941]: ci-info: | enp0s3 | True | fe80::66:2dff:fec5:e5fb/64 |       .       |  link | 02:66:2d:c5:e5:fb |
[   15.112882] cloud-init[941]: ci-info: |   lo   | True |         127.0.0.1          |   255.0.0.0   |   .   |         .         |
[   15.113003] cloud-init[941]: ci-info: |   lo   | True |          ::1/128           |       .       |  host |         .         |
[   15.113121] cloud-init[941]: ci-info: +--------+------+----------------------------+---------------+-------+-------------------+
[   15.113237] cloud-init[941]: ci-info: +++++++++++++++++++++++++++Route IPv4 info++++++++++++++++++++++++++++
[   15.113366] cloud-init[941]: ci-info: +-------+-------------+----------+---------------+-----------+-------+
[   15.113480] cloud-init[941]: ci-info: | Route | Destination | Gateway  |    Genmask    | Interface | Flags |
[   15.113594] cloud-init[941]: ci-info: +-------+-------------+----------+---------------+-----------+-------+
[   15.113712] cloud-init[941]: ci-info: |   0   |   0.0.0.0   | 10.0.2.2 |    0.0.0.0    |   enp0s3  |   UG  |
[   15.113829] cloud-init[941]: ci-info: |   1   |   10.0.2.0  | 0.0.0.0  | 255.255.255.0 |   enp0s3  |   U   |
[   15.113948] cloud-init[941]: ci-info: +-------+-------------+----------+---------------+-----------+-------+
[   15.114074] cloud-init[941]: Generating public/private rsa key pair.
[   15.114190] cloud-init[941]: Your identification has been saved in /etc/ssh/ssh_host_rsa_key.
[   15.114304] cloud-init[941]: Your public key has been saved in /etc/ssh/ssh_host_rsa_key.pub.
[   15.114418] cloud-init[941]: The key fingerprint is:
[   15.114531] cloud-init[941]: SHA256:0E2F4zcxJC6TBvyJOxnCMGSY9RNjM+UmpyYhPy0gF3E root@ubuntu-xenial
[   15.114643] cloud-init[941]: The key's randomart image is:
[   15.114759] cloud-init[941]: +---[RSA 2048]----+
[   15.114877] cloud-init[941]: | =*.Eoo   o+o    |
[   15.114989] cloud-init[941]: |o.o= *.o =o.o    |
[   15.115102] cloud-init[941]: |+ o++ =o*oo. o   |
[   15.115215] cloud-init[941]: |.= oo*oooo. o    |
[   15.115328] cloud-init[941]: |  = +. +S  . .   |
[   15.115449] cloud-init[941]: |   =  +          |
[   15.115563] cloud-init[941]: |       .         |
[   15.115679] cloud-init[941]: |                 |
[   15.115793] cloud-init[941]: |                 |
[   15.115906] cloud-init[941]: +----[SHA256]-----+

[[0;32m  OK  [0m] Reached target Cloud-config availability.
[[0;32m  OK  [0m] Reached target Network is Online.
[   15.116023] cloud-init[941]: Generating public/private dsa key pair.
[   15.141168] cloud-init[941]: Your identification has been saved in /etc/ssh/ssh_host_dsa_key.
[   15.143518] cloud-init[941]: Your public key has been saved in /etc/ssh/ssh_host_dsa_key.pub.
         Starting iSCSI initiator daemon (iscsid)...
[[0;32m  OK  [0m] Reached target System Initialization.
[   15.147510] cloud-init[941]: The key fingerprint is:
[   15.151830] cloud-init[941]: SHA256:464u//mYRMrPz/FzKWD/fH491DH/h4WYDkBgtRECZ4c root@ubuntu-xenial
[[0;32m  OK  [0m] Started Daily apt download activities.
[   15.154217] cloud-init[941]: The key's randomart image is:
[   15.156333] cloud-init[941]: +---[DSA 1024]----+
[   15.158140] cloud-init[941]: |    ..*+=.       |
[   15.159947] cloud-init[941]: |     +Eo.o       |
[   15.161800] cloud-init[941]: |       ..        |
[   15.163605] cloud-init[941]: |        .      o |
[   15.165409] cloud-init[941]: |        S.   o .=|
[   15.167210] cloud-init[941]: |     . + .+ o ..+|
[   15.169020] cloud-init[941]: |      o o..=  .+o|
[   15.170823] cloud-init[941]: |    .  = = o=.+.*|
[   15.172644] cloud-init[941]: |     ++oOo+ .=oo=|
[   15.174453] cloud-init[941]: +----[SHA256]-----+
[   15.176294] cloud-init[941]: Generating public/private ecdsa key pair.
[   15.178266] cloud-init[941]: Your identification has been saved in /etc/ssh/ssh_host_ecdsa_key.
         Starting LXD - unix socket.
[[0;32m  OK  [0m] Listening on UUID daemon activation socket.
[   15.187363] cloud-init[941]: Your public key has been saved in /etc/ssh/ssh_host_ecdsa_key.pub.
[   15.193398] cloud-init[941]: The key fingerprint is:
[   15.195242] cloud-init[941]: SHA256:wM7dS7VbC1zfCQB2+GekGk//jmEgnYbggQ3pNmf5608 root@ubuntu-xenial
[[0;32m  OK  [0m] Started Daily apt upgrade and clean activities.
[   15.200126] cloud-init[941]: The key's randomart image is:
[   15.202292] cloud-init[941]: +---[ECDSA 256]---+
[   15.204296] cloud-init[941]: |     ..  ooo     |
[   15.206291] cloud-init[941]: |     o+ ... ..   |
[   15.208320] cloud-init[941]: |    ..o+. . +..  |
[[0;32m  OK  [0m] Started ACPI Events Check.
[[0;32m  OK  [0m] Reached target Paths.
[[0;32m  OK  [0m] Started Timer to automatically refresh installed snaps.
[[0;32m  OK  [0m] Listening on D-Bus System Message Bus Socket.
[[0;32m  OK  [0m] Listening on ACPID Listen Socket.
         Starting Socket activation for snappy daemon.
[[0;32m  OK  [0m] Started Daily Cleanup of Temporary Directories.
[[0;32m  OK  [0m] Reached target Timers.
[[0;32m  OK  [0m] Listening on LXD - unix socket.
[   15.210150] cloud-init[941]: |     *.*ooo*.=..o|
[   15.220491] cloud-init[941]: |    . *.SoB=B ..o|
[   15.222305] cloud-init[941]: |         +oo.= . |
[   15.224157] cloud-init[941]: |          oE.oo  |
[   15.226065] cloud-init[941]: |         .. . o. |
[   15.228061] cloud-init[941]: |        .... ... |
[   15.232265] cloud-init[941]: +----[SHA256]-----+
[   15.232821] cloud-init[941]: Generating public/private ed25519 key pair.
[   15.232952] cloud-init[941]: Your identification has been saved in /etc/ssh/ssh_host_ed25519_key.
[   15.233078] cloud-init[941]: Your public key has been saved in /etc/ssh/ssh_host_ed25519_key.pub.
[   15.233201] cloud-init[941]: The key fingerprint is:
[   15.233586] cloud-init[941]: SHA256:cpyDa6V4eEo5GhcTl55RTh2bgkD0sxL96YZZBjrUxxs root@ubuntu-xenial
[[0;32m  OK  [0m] Listening on Socket activation for snappy daemon.
[   15.236123] cloud-init[941]: The key's randomart image is:
[   15.248296] cloud-init[941]: +--[ED25519 256]--+
[   15.249561] cloud-init[941]: |   o+   o...     |
[   15.252585] cloud-init[941]: |     = B  .o     |
[   15.254515] cloud-init[941]: |    + @ E o      |
[   15.256384] cloud-init[941]: |   . * @ *       |
[   15.258271] cloud-init[941]: |    * * S        |
[[0;32m  OK  [0m[   15.264543] cloud-init[941]: |     O % .       |
[   15.265231] cloud-init[941]: |  . B O o        |
[   15.265333] cloud-init[941]: |   = * .         |
] Reached target Sockets.
[[0;32m  OK  [0m] Reached target Basic System.
         Starting Apply the settings specified in cloud-config...
         Starting Login Service...
[[0;32m  OK  [0m] Started Deferred execution scheduler.
[[0;32m  OK  [0m] Started Regular background program processing daemon.
[   15.283237] cloud-init[941]: |  . .            |
[   15.317826] cloud-init[941]: +----[SHA256]-----+
[[0;32m  OK  [0m] Started ACPI event daemon.
         Starting LSB: MD monitoring daemon...
         Starting Snappy daemon...
         Starting Pollinate to seed the pseudo random number generator...
[[0;32m  OK  [0m] Started FUSE filesystem for LXC.
         Starting LXD - container startup/shutdown...
[[0;32m  OK  [0m] Started Unattended Upgrades Shutdown.
[[0;32m  OK  [0m] Started D-Bus System Message Bus.
         Starting /etc/rc.local Compatibility...
         Starting LSB: Record successful boot for GRUB...
         Starting System Logging Service...
         Starting Accounts Service...
[[0;32m  OK  [0m] Started iSCSI initiator daemon (iscsid).
[[0;32m  OK  [0m] Started /etc/rc.local Compatibility.
[[0;32m  OK  [0m] Started Login Service.
         Starting Login to default iSCSI targets...
[[0;32m  OK  [0m] Started LSB: Record successful boot for GRUB.
[[0;32m  OK  [0m] Started LSB: MD monitoring daemon.
[   16.221236] cloud-init[1042]: Generating locales (this might take a while)...
[[0;32m  OK  [0m] Started System Logging Service.
[[0;32m  OK  [0m] Started Login to default iSCSI targets.
[[0;32m  OK  [0m] Reached target Remote File Systems (Pre).
[[0;32m  OK  [0m] Reached target Remote File Systems.
         Starting LSB: automatic crash report generation...
         Starting LSB: VirtualBox Linux Additions...
         Starting LSB: Set the CPU Frequency Scaling governor to "ondemand"...
         Starting Permit User Sessions...
         Starting LSB: daemon to balance interrupts for SMP systems...
[[0;32m  OK  [0m] Started Permit User Sessions.
[[0;32m  OK  [0m] Started LSB: Set the CPU Frequency Scaling governor to "ondemand".
         Starting Hold until boot process finishes up...
         Starting Terminate Plymouth Boot Screen...
[[0;32m  OK  [0m] Started Hold until boot process finishes up.
[[0;32m  OK  [0m] Started Terminate Plymouth Boot Screen.
         Starting Set console scheme...
[[0;32m  OK  [0m] Started Getty on tty1.
[[0;32m  OK  [0m] Started Serial Getty on ttyS0.
[[0;32m  OK  [0m] Reached target Login Prompts.
[[0;32m  OK  [0m] Started LSB: automatic crash report generation.
[[0;32m  OK  [0m] Started Set console scheme.
[[0;32m  OK  [0m] Started LSB: daemon to balance interrupts for SMP systems.
         Starting Authenticate and Authorize Users to Run Privileged Tasks...
[[0;32m  OK  [0m] Started LSB: VirtualBox Linux Additions.
[[0;32m  OK  [0m] Started Snappy daemon.
[[0;32m  OK  [0m] Started Authenticate and Authorize Users to Run Privileged Tasks.
[[0;32m  OK  [0m] Started Accounts Service.
[[0;32m  OK  [0m] Started LXD - container startup/shutdown.
[   17.676073] cloud-init[1042]:   en_US.UTF-8... done
[   17.681103] cloud-init[1042]: Generation complete.
[[0;32m  OK  [0m] Started Pollinate to seed the pseudo random number generator.
         Starting OpenBSD Secure Shell server...
[[0;32m  OK  [0m] Started OpenBSD Secure Shell server.
[[0;32m  OK  [0m] Reached target Multi-User System.
[[0;32m  OK  [0m] Reached target Graphical Interface.
         Starting Update UTMP about System Runlevel Changes...
[[0;32m  OK  [0m] Started Update UTMP about System Runlevel Changes.
[[0;32m  OK  [0m] Created slice User Slice of vagrant.
         Starting User Manager for UID 1000...
[   19.263740] cloud-init[1042]: Cloud-init v. 17.1 running 'modules:config' at Thu, 22 Feb 2018 13:42:54 +0000. Up 15.58 seconds.
[[0;32m  OK  [0m] Started Session 1 of user vagrant.
[[0;32m  OK  [0m] Started Apply the settings specified in cloud-config.
         Starting Execute cloud user/final scripts...
[[0;32m  OK  [0m] Started User Manager for UID 1000.
ci-info: no authorized ssh keys fingerprints found for user ubuntu.
<14>Feb 22 13:42:59 ec2: 
<14>Feb 22 13:42:59 ec2: #############################################################
<14>Feb 22 13:42:59 ec2: -----BEGIN SSH HOST KEY FINGERPRINTS-----
<14>Feb 22 13:42:59 ec2: 1024 SHA256:464u//mYRMrPz/FzKWD/fH491DH/h4WYDkBgtRECZ4c root@ubuntu-xenial (DSA)
<14>Feb 22 13:42:59 ec2: 256 SHA256:wM7dS7VbC1zfCQB2+GekGk//jmEgnYbggQ3pNmf5608 root@ubuntu-xenial (ECDSA)
<14>Feb 22 13:42:59 ec2: 256 SHA256:cpyDa6V4eEo5GhcTl55RTh2bgkD0sxL96YZZBjrUxxs root@ubuntu-xenial (ED25519)
<14>Feb 22 13:42:59 ec2: 2048 SHA256:0E2F4zcxJC6TBvyJOxnCMGSY9RNjM+UmpyYhPy0gF3E root@ubuntu-xenial (RSA)
<14>Feb 22 13:42:59 ec2: -----END SSH HOST KEY FINGERPRINTS-----
<14>Feb 22 13:42:59 ec2: #############################################################
-----BEGIN SSH HOST KEY KEYS-----
ecdsa-sha2-nistp256 AAAAE2VjZHNhLXNoYTItbmlzdHAyNTYAAAAIbmlzdHAyNTYAAABBBMl2ns4Y2DCMA0yRjje6FcZo/uzQ19sGsuhGbiLDvZo1kkQ8N8zGctXE1iU6RILKOk7uhPquRVhD2leL+EPgL9Y= root@ubuntu-xenial
ssh-ed25519 AAAAC3NzaC1lZDI1NTE5AAAAIAwyiLQtaiZcblix2+NwG5aIP4m8IBAeS+eoiw5RYgEM root@ubuntu-xenial
ssh-rsa AAAAB3NzaC1yc2EAAAADAQABAAABAQCcxXYR511qKbNNNhc2sqjBSORg1z4kMqyzEPaCHqxCzTWanKYm1VJw2zXVLW9KWsr59ptU7KhIzf8+GK2N1dAJ4tQCx0NkkCAwtqozQO8W/HhDprvMZkoiD5A2KgcNeIWBohgvuVOsKb1tgx5egxjeoah9F07XZE49g24lHys9SY9QxwpJbEiUprdYyNeq3m1Z9WnxpPtasqMAhlzfs0nuQQ3pZy7HFkQv730WYeEa82cOHemCo/PWJ9JP8FsDeoY9OzdpSxyxtVGIcSuE4PRntKd28w+naw0NX4Kaz4fVPQyIqnhrnjgXFrvmjC5O7UyVlQxbIww1a9hsnNi6kGiB root@ubuntu-xenial
-----END SSH HOST KEY KEYS-----
[   20.026882] cloud-init[1322]: Cloud-init v. 17.1 running 'modules:final' at Thu, 22 Feb 2018 13:42:58 +0000. Up 19.64 seconds.
[   20.101626] cloud-init[1322]: ci-info: no authorized ssh keys fingerprints found for user ubuntu.
[   20.111799] cloud-init[1322]: Cloud-init v. 17.1 finished at Thu, 22 Feb 2018 13:42:59 +0000. Datasource DataSourceNoCloud [seed=/dev/sdb][dsmode=net].  Up 20.01 seconds
[[0;32m  OK  [0m] Started Execute cloud user/final scripts.
[[0;32m  OK  [0m] Reached target Cloud-init target.

Ubuntu 16.04.3 LTS ubuntu-xenial ttyS0

ubuntu-xenial login: 